{"logTime": "1019/065857", "correlationVector":"6EJ9+o6Df5znUt8ImoR42u.0","action":"FeedSettingFetch_homeCloud", "result":"0", "context":{}}
{"logTime": "1019/065857", "correlationVector":"6EJ9+o6Df5znUt8ImoR42u.0","action":"SyncServerConnectionManagerRequest", "result":"SYNC_SERVER_OK", "context":{"environment":"", "migrationStage":"", "server":""}}
{"logTime": "1019/065857", "correlationVector":"7aCHc5lOnGlWTOr8ENb5/D.1","action":"SyncServerConnectionManagerRequest", "result":"SYNC_SERVER_OK", "context":{"environment":"Prod_EastUS2_000e", "migrationStage":"NotStarted", "server":"GENERAL0100002J"}}
{"logTime": "1019/065857", "correlationVector":"7aCHc5lOnGlWTOr8ENb5/D","action":"Initial GetUpdates", "result":"", "context":Reason: NEW_CLIENT. cV=7aCHc5lOnGlWTOr8ENb5/D}
{"logTime": "1019/065857", "correlationVector":"7aCHc5lOnGlWTOr8ENb5/D.2","action":"GetUpdates Response", "result":"SYNCER_OK", "context":Received 1 update(s). cV=7aCHc5lOnGlWTOr8ENb5/D.0;server=GENERAL0100002J;cloudType=Consumer;environment=Prod_EastUS2_000e;migrationStage=NotStarted}
{"logTime": "1019/065859", "correlationVector":"c3J0G5jp04IljbT9XYAfBo","action":"Initial GetUpdates", "result":"", "context":Reason: NEW_CLIENT. cV=c3J0G5jp04IljbT9XYAfBo}
{"logTime": "1019/065859", "correlationVector":"c3J0G5jp04IljbT9XYAfBo.1","action":"SyncServerConnectionManagerRequest", "result":"SYNC_SERVER_OK", "context":{"environment":"Prod_EastUS2_000e", "migrationStage":"NotStarted", "server":"GENERAL01000021"}}
{"logTime": "1019/065859", "correlationVector":"c3J0G5jp04IljbT9XYAfBo.2","action":"GetUpdates Response", "result":"SYNCER_OK", "context":Received 6 update(s). cV=c3J0G5jp04IljbT9XYAfBo.0;server=GENERAL01000021;cloudType=Consumer;environment=Prod_EastUS2_000e;migrationStage=NotStarted}
{"logTime": "1019/065859", "correlationVector":"E3Gdb0JNvooXK6ZSCxpO5N","action":"Normal GetUpdate request", "result":"", "context":cV=E3Gdb0JNvooXK6ZSCxpO5N
Nudged types: Device Info, User Consents
Refresh requested types: Device Info, User Consents, Send Tab To Self, Encryption Keys}
{"logTime": "1019/065900", "correlationVector":"E3Gdb0JNvooXK6ZSCxpO5N.1","action":"SyncServerConnectionManagerRequest", "result":"SYNC_SERVER_OK", "context":{"environment":"Prod_EastUS2_000e", "migrationStage":"NotStarted", "server":"general01000004"}}
{"logTime": "1019/065900", "correlationVector":"E3Gdb0JNvooXK6ZSCxpO5N.2","action":"GetUpdates Response", "result":"SYNCER_OK", "context":Received 0 update(s). cV=E3Gdb0JNvooXK6ZSCxpO5N.0;server=general01000004;cloudType=Consumer;environment=Prod_EastUS2_000e;migrationStage=NotStarted}
{"logTime": "1019/065900", "correlationVector":"6ghNmMybjQZntvryCU3DNK","action":"Commit Request", "result":"", "context":Item count: 1
Contributing types: Device Info}
{"logTime": "1019/065900", "correlationVector":"6ghNmMybjQZntvryCU3DNK.1","action":"SyncServerConnectionManagerRequest", "result":"SYNC_SERVER_OK", "context":{"environment":"Prod_EastUS2_000e", "migrationStage":"NotStarted", "server":"GENERAL0100001Z"}}
{"logTime": "1019/065900", "correlationVector":"6ghNmMybjQZntvryCU3DNK.2","action":"Commit Response", "result":"SYNCER_OK", "context":Result: SYNCER_OK. cV=6ghNmMybjQZntvryCU3DNK.0;server=GENERAL0100001Z;cloudType=Consumer;environment=Prod_EastUS2_000e;migrationStage=NotStarted}
{"logTime": "1019/065900", "correlationVector":"BI56Vjzx6xk03NVXcyKHqZ","action":"Commit Request", "result":"", "context":Item count: 2
Contributing types: User Consents}
{"logTime": "1019/065901", "correlationVector":"BI56Vjzx6xk03NVXcyKHqZ.1","action":"SyncServerConnectionManagerRequest", "result":"SYNC_SERVER_OK", "context":{"environment":"Prod_EastUS2_000e", "migrationStage":"NotStarted", "server":"GENERAL0100000E"}}
{"logTime": "1019/065901", "correlationVector":"BI56Vjzx6xk03NVXcyKHqZ.2","action":"Commit Response", "result":"SYNCER_OK", "context":Result: SYNCER_OK. cV=BI56Vjzx6xk03NVXcyKHqZ.0;server=GENERAL0100000E;cloudType=Consumer;environment=Prod_EastUS2_000e;migrationStage=NotStarted}
{"logTime": "1019/072534", "correlationVector":"aTlf+3ZGhs7TfOkTTW+9hf.0","action":"FeedSettingFetch_homeCloud", "result":"0", "context":{}}
{"logTime": "1019/072534", "correlationVector":"oF4kP/Q7JEcA3bXFibAGWu.1","action":"SyncServerConnectionManagerRequest", "result":"SYNC_SERVER_OK", "context":{"environment":"Prod_EastUS2_000e", "migrationStage":"NotStarted", "server":"GENERAL0100001S"}}
{"logTime": "1019/072534", "correlationVector":"oF4kP/Q7JEcA3bXFibAGWu","action":"Initial GetUpdates", "result":"", "context":Reason: NEW_CLIENT. cV=oF4kP/Q7JEcA3bXFibAGWu}
{"logTime": "1019/072534", "correlationVector":"oF4kP/Q7JEcA3bXFibAGWu.2","action":"GetUpdates Response", "result":"SYNCER_OK", "context":Received 1 update(s). cV=oF4kP/Q7JEcA3bXFibAGWu.0;server=GENERAL0100001S;cloudType=Consumer;environment=Prod_EastUS2_000e;migrationStage=NotStarted}
{"logTime": "1019/072534", "correlationVector":"rMzuPdV7mUNDonruresh9v","action":"Normal GetUpdate request", "result":"", "context":cV=rMzuPdV7mUNDonruresh9v
Nudged types: User Consents
Refresh requested types: Device Info, User Consents, Send Tab To Self, Encryption Keys}
{"logTime": "1019/072534", "correlationVector":"rMzuPdV7mUNDonruresh9v.1","action":"SyncServerConnectionManagerRequest", "result":"SYNC_SERVER_OK", "context":{"environment":"Prod_EastUS2_000e", "migrationStage":"NotStarted", "server":"GENERAL01000007"}}
{"logTime": "1019/072534", "correlationVector":"rMzuPdV7mUNDonruresh9v.2","action":"GetUpdates Response", "result":"SYNCER_OK", "context":Received 2 update(s). cV=rMzuPdV7mUNDonruresh9v.0;server=GENERAL01000007;cloudType=Consumer;environment=Prod_EastUS2_000e;migrationStage=NotStarted}
{"logTime": "1019/072534", "correlationVector":"D3141JlE2X3YhsWZ0UOqvB","action":"Commit Request", "result":"", "context":Item count: 1
Contributing types: User Consents}
{"logTime": "1019/072534", "correlationVector":"D3141JlE2X3YhsWZ0UOqvB.1","action":"SyncServerConnectionManagerRequest", "result":"SYNC_SERVER_OK", "context":{"environment":"Prod_EastUS2_000e", "migrationStage":"NotStarted", "server":"GENERAL0100002E"}}
{"logTime": "1019/072534", "correlationVector":"D3141JlE2X3YhsWZ0UOqvB.2","action":"Commit Response", "result":"SYNCER_OK", "context":Result: SYNCER_OK. cV=D3141JlE2X3YhsWZ0UOqvB.0;server=GENERAL0100002E;cloudType=Consumer;environment=Prod_EastUS2_000e;migrationStage=NotStarted}
{"logTime": "1019/072535", "correlationVector":"TlFTtPyNBhEMHlh8B99XKG","action":"SyncServerConnectionManagerRequest", "result":"SYNC_SERVER_OK", "context":{"environment":"", "migrationStage":"", "server":""}}
{"logTime": "1019/072535", "correlationVector":"MextVFFW7rjGkAfVg0tjP3","action":"Initial GetUpdates", "result":"", "context":Reason: RECONFIGURATION. cV=MextVFFW7rjGkAfVg0tjP3}
{"logTime": "1019/072535", "correlationVector":"MextVFFW7rjGkAfVg0tjP3.1","action":"SyncServerConnectionManagerRequest", "result":"SYNC_SERVER_OK", "context":{"environment":"Prod_EastUS2_000e", "migrationStage":"NotStarted", "server":"GENERAL01000038"}}
{"logTime": "1019/072535", "correlationVector":"MextVFFW7rjGkAfVg0tjP3.2","action":"GetUpdates Response", "result":"SYNCER_OK", "context":Received 39 update(s). cV=MextVFFW7rjGkAfVg0tjP3.0;server=GENERAL01000038;cloudType=Consumer;environment=Prod_EastUS2_000e;migrationStage=NotStarted}
{"logTime": "1019/072535", "correlationVector":"MfXtK5itCjILCG/MsC42K2","action":"Initial GetUpdates", "result":"", "context":Reason: NEWLY_SUPPORTED_DATATYPE. cV=MfXtK5itCjILCG/MsC42K2}
{"logTime": "1019/072535", "correlationVector":"MfXtK5itCjILCG/MsC42K2.1","action":"SyncServerConnectionManagerRequest", "result":"SYNC_SERVER_OK", "context":{"environment":"Prod_EastUS2_000e", "migrationStage":"NotStarted", "server":"general01000002"}}
{"logTime": "1019/072535", "correlationVector":"MfXtK5itCjILCG/MsC42K2.2","action":"GetUpdates Response", "result":"SYNCER_OK", "context":Received 5 update(s). cV=MfXtK5itCjILCG/MsC42K2.0;server=general01000002;cloudType=Consumer;environment=Prod_EastUS2_000e;migrationStage=NotStarted}
{"logTime": "1019/072535", "correlationVector":"XMVBBwCub8aLwNrh1yPKw6","action":"Initial GetUpdates", "result":"", "context":Reason: NEWLY_SUPPORTED_DATATYPE. cV=XMVBBwCub8aLwNrh1yPKw6}
{"logTime": "1019/072535", "correlationVector":"XMVBBwCub8aLwNrh1yPKw6.1","action":"SyncServerConnectionManagerRequest", "result":"SYNC_SERVER_OK", "context":{"environment":"Prod_EastUS2_000e", "migrationStage":"NotStarted", "server":"GENERAL0100002H"}}
{"logTime": "1019/072535", "correlationVector":"XMVBBwCub8aLwNrh1yPKw6.2","action":"GetUpdates", "result":"DeleteReceived", "context":{"id":"99d929ce-9225-4501-97e3-f64f365fc3ff", "isDeleted:":"true", "version":"1697699542271"}}
{"logTime": "1019/072536", "correlationVector":"XMVBBwCub8aLwNrh1yPKw6.3","action":"GetUpdates Response", "result":"SYNCER_OK", "context":Received 10 update(s). cV=XMVBBwCub8aLwNrh1yPKw6.0;server=GENERAL0100002H;cloudType=Consumer;environment=Prod_EastUS2_000e;migrationStage=NotStarted}
{"logTime": "1019/072536", "correlationVector":"v+5ioXkrghnxZkH3PokJ98","action":"Normal GetUpdate request", "result":"", "context":cV=v+5ioXkrghnxZkH3PokJ98
Nudged types: Preferences, Sessions, Device Info
Refresh requested types: Bookmarks, Preferences, Passwords, Autofill Profiles, Autofill, Autofill Custom Data, Typed URLs, Extensions, Sessions, Extension settings, History Delete Directives, Device Info, User Consents, Send Tab To Self, Web Apps, Collection, Edge E Drop, Edge Hub App Usage, Edge Wallet, Encryption Keys}
{"logTime": "1019/072536", "correlationVector":"v+5ioXkrghnxZkH3PokJ98.1","action":"SyncServerConnectionManagerRequest", "result":"SYNC_SERVER_OK", "context":{"environment":"Prod_EastUS2_000e", "migrationStage":"NotStarted", "server":"GENERAL0100000P"}}
{"logTime": "1019/072536", "correlationVector":"v+5ioXkrghnxZkH3PokJ98.2","action":"GetUpdates Response", "result":"SYNCER_OK", "context":Received 0 update(s). cV=v+5ioXkrghnxZkH3PokJ98.0;server=GENERAL0100000P;cloudType=Consumer;environment=Prod_EastUS2_000e;migrationStage=NotStarted}
{"logTime": "1019/072536", "correlationVector":"3ch10FQpFTn7A51imcXHSM","action":"Commit Request", "result":"", "context":Item count: 1
Contributing types: Device Info}
{"logTime": "1019/072536", "correlationVector":"3ch10FQpFTn7A51imcXHSM.1","action":"SyncServerConnectionManagerRequest", "result":"SYNC_SERVER_OK", "context":{"environment":"Prod_EastUS2_000e", "migrationStage":"NotStarted", "server":"GENERAL0100001S"}}
{"logTime": "1019/072536", "correlationVector":"3ch10FQpFTn7A51imcXHSM.2","action":"Commit Response", "result":"SYNCER_OK", "context":Result: SYNCER_OK. cV=3ch10FQpFTn7A51imcXHSM.0;server=GENERAL0100001S;cloudType=Consumer;environment=Prod_EastUS2_000e;migrationStage=NotStarted}
{"logTime": "1019/072536", "correlationVector":"UDr3Ei5JCFFxTOViag1qqz","action":"Commit Request", "result":"", "context":Item count: 3
Contributing types: Preferences, Sessions}
{"logTime": "1019/072537", "correlationVector":"UDr3Ei5JCFFxTOViag1qqz.1","action":"SyncServerConnectionManagerRequest", "result":"SYNC_SERVER_OK", "context":{"environment":"Prod_EastUS2_000e", "migrationStage":"NotStarted", "server":"GENERAL01000030"}}
{"logTime": "1019/072537", "correlationVector":"UDr3Ei5JCFFxTOViag1qqz.2","action":"Commit Response", "result":"SYNCER_OK", "context":Result: SYNCER_OK. cV=UDr3Ei5JCFFxTOViag1qqz.0;server=GENERAL01000030;cloudType=Consumer;environment=Prod_EastUS2_000e;migrationStage=NotStarted}
{"logTime": "1019/072537", "correlationVector":"2KLi/Wg1KEZ5aAJxr4rxxJ","action":"Normal GetUpdate request", "result":"", "context":cV=2KLi/Wg1KEZ5aAJxr4rxxJ
Nudged types: Preferences, Sessions, Device Info
Notified types: Device Info}
{"logTime": "1019/072537", "correlationVector":"2KLi/Wg1KEZ5aAJxr4rxxJ.1","action":"SyncServerConnectionManagerRequest", "result":"SYNC_SERVER_OK", "context":{"environment":"Prod_EastUS2_000e", "migrationStage":"NotStarted", "server":"general01000002"}}
{"logTime": "1019/072537", "correlationVector":"2KLi/Wg1KEZ5aAJxr4rxxJ.2","action":"GetUpdates Response", "result":"SYNCER_OK", "context":Received 4 update(s). cV=2KLi/Wg1KEZ5aAJxr4rxxJ.0;server=general01000002;cloudType=Consumer;environment=Prod_EastUS2_000e;migrationStage=NotStarted}
{"logTime": "1019/072538", "correlationVector":"OgvaXQctMosbjdQ2jKWK+p","action":"Commit Request", "result":"", "context":Item count: 1
Contributing types: Passwords}
{"logTime": "1019/072539", "correlationVector":"OgvaXQctMosbjdQ2jKWK+p.1","action":"SyncServerConnectionManagerRequest", "result":"SYNC_SERVER_OK", "context":{"environment":"Prod_EastUS2_000e", "migrationStage":"NotStarted", "server":"GENERAL0100002F"}}
{"logTime": "1019/072539", "correlationVector":"OgvaXQctMosbjdQ2jKWK+p.2","action":"Commit Response", "result":"SYNCER_OK", "context":Result: SYNCER_OK. cV=OgvaXQctMosbjdQ2jKWK+p.0;server=GENERAL0100002F;cloudType=Consumer;environment=Prod_EastUS2_000e;migrationStage=NotStarted}
{"logTime": "1019/072539", "correlationVector":"VwAwutxHXsKlJhlTu74aJ3","action":"Commit Request", "result":"", "context":Item count: 1
Contributing types: Preferences}
{"logTime": "1019/072539", "correlationVector":"VwAwutxHXsKlJhlTu74aJ3.1","action":"SyncServerConnectionManagerRequest", "result":"SYNC_SERVER_OK", "context":{"environment":"Prod_EastUS2_000e", "migrationStage":"NotStarted", "server":"GENERAL0100002R"}}
{"logTime": "1019/072539", "correlationVector":"VwAwutxHXsKlJhlTu74aJ3.2","action":"Commit Response", "result":"SYNCER_OK", "context":Result: SYNCER_OK. cV=VwAwutxHXsKlJhlTu74aJ3.0;server=GENERAL0100002R;cloudType=Consumer;environment=Prod_EastUS2_000e;migrationStage=NotStarted}
